  Game.cpp
C:\Users\olaph\Programming\oda\vs-projects\raycaster\raycaster\Player.h(12,20): warning C4305: 'initializing': truncation from 'double' to 'float'
  (compiling source file 'Game.cpp')
  
C:\Users\olaph\Programming\oda\vs-projects\raycaster\raycaster\Player.h(24,50): warning C4244: 'argument': conversion from 'double' to 'float', possible loss of data
  (compiling source file 'Game.cpp')
  
C:\Users\olaph\Programming\oda\vs-projects\raycaster\raycaster\Player.h(25,44): warning C4244: 'argument': conversion from 'double' to 'float', possible loss of data
  (compiling source file 'Game.cpp')
  
C:\Users\olaph\Programming\oda\vs-projects\raycaster\raycaster\Player.h(29,12): warning C4244: '=': conversion from 'int' to 'float', possible loss of data
  (compiling source file 'Game.cpp')
  
C:\Users\olaph\Programming\oda\vs-projects\raycaster\raycaster\Player.h(32,12): warning C4244: '=': conversion from 'int' to 'float', possible loss of data
  (compiling source file 'Game.cpp')
  
C:\Users\olaph\Programming\oda\vs-projects\raycaster\raycaster\Game.cpp(116,65): warning C4267: 'argument': conversion from 'size_t' to 'int', possible loss of data
C:\Users\olaph\Programming\oda\vs-projects\raycaster\raycaster\Game.cpp(116,44): warning C4267: 'argument': conversion from 'size_t' to 'int', possible loss of data
  Main.cpp
C:\Users\olaph\Programming\oda\vs-projects\raycaster\raycaster\Player.h(12,20): warning C4305: 'initializing': truncation from 'double' to 'float'
  (compiling source file 'Main.cpp')
  
C:\Users\olaph\Programming\oda\vs-projects\raycaster\raycaster\Player.h(24,50): warning C4244: 'argument': conversion from 'double' to 'float', possible loss of data
  (compiling source file 'Main.cpp')
  
C:\Users\olaph\Programming\oda\vs-projects\raycaster\raycaster\Player.h(25,44): warning C4244: 'argument': conversion from 'double' to 'float', possible loss of data
  (compiling source file 'Main.cpp')
  
C:\Users\olaph\Programming\oda\vs-projects\raycaster\raycaster\Player.h(29,12): warning C4244: '=': conversion from 'int' to 'float', possible loss of data
  (compiling source file 'Main.cpp')
  
C:\Users\olaph\Programming\oda\vs-projects\raycaster\raycaster\Player.h(32,12): warning C4244: '=': conversion from 'int' to 'float', possible loss of data
  (compiling source file 'Main.cpp')
  
  Raycaster.cpp
C:\Users\olaph\Programming\oda\vs-projects\raycaster\raycaster\Player.h(12,20): warning C4305: 'initializing': truncation from 'double' to 'float'
  (compiling source file 'Raycaster.cpp')
  
C:\Users\olaph\Programming\oda\vs-projects\raycaster\raycaster\Player.h(24,50): warning C4244: 'argument': conversion from 'double' to 'float', possible loss of data
  (compiling source file 'Raycaster.cpp')
  
C:\Users\olaph\Programming\oda\vs-projects\raycaster\raycaster\Player.h(25,44): warning C4244: 'argument': conversion from 'double' to 'float', possible loss of data
  (compiling source file 'Raycaster.cpp')
  
C:\Users\olaph\Programming\oda\vs-projects\raycaster\raycaster\Player.h(29,12): warning C4244: '=': conversion from 'int' to 'float', possible loss of data
  (compiling source file 'Raycaster.cpp')
  
C:\Users\olaph\Programming\oda\vs-projects\raycaster\raycaster\Player.h(32,12): warning C4244: '=': conversion from 'int' to 'float', possible loss of data
  (compiling source file 'Raycaster.cpp')
  
C:\Users\olaph\Programming\oda\vs-projects\raycaster\raycaster\Raycaster.cpp(9,33): warning C4244: 'argument': conversion from 'int' to 'float', possible loss of data
C:\Users\olaph\Programming\oda\vs-projects\raycaster\raycaster\Raycaster.cpp(9,22): warning C4244: 'argument': conversion from 'int' to 'float', possible loss of data
C:\Users\olaph\Programming\oda\vs-projects\raycaster\raycaster\Raycaster.cpp(74,40): warning C4244: 'argument': conversion from 'int' to 'float', possible loss of data
C:\Users\olaph\Programming\oda\vs-projects\raycaster\raycaster\Raycaster.cpp(74,27): warning C4244: 'argument': conversion from 'int' to 'float', possible loss of data
C:\Users\olaph\Programming\oda\vs-projects\raycaster\raycaster\Raycaster.cpp(98,21): warning C4244: 'initializing': conversion from 'double' to 'float', possible loss of data
C:\Users\olaph\Programming\oda\vs-projects\raycaster\raycaster\Raycaster.cpp(103,78): warning C4244: 'argument': conversion from 'float' to 'int', possible loss of data
C:\Users\olaph\Programming\oda\vs-projects\raycaster\raycaster\Raycaster.cpp(103,65): warning C4244: 'argument': conversion from 'float' to 'int', possible loss of data
C:\Users\olaph\Programming\oda\vs-projects\raycaster\raycaster\Raycaster.cpp(106,48): warning C4244: 'argument': conversion from 'float' to 'const unsigned __int64', possible loss of data
C:\Users\olaph\Programming\oda\vs-projects\raycaster\raycaster\Raycaster.cpp(106,67): warning C4244: 'argument': conversion from 'float' to 'const unsigned __int64', possible loss of data
  WorldMap.cpp
C:\Users\olaph\Programming\oda\vs-projects\raycaster\raycaster\Player.h(12,20): warning C4305: 'initializing': truncation from 'double' to 'float'
  (compiling source file 'WorldMap.cpp')
  
C:\Users\olaph\Programming\oda\vs-projects\raycaster\raycaster\Player.h(24,50): warning C4244: 'argument': conversion from 'double' to 'float', possible loss of data
  (compiling source file 'WorldMap.cpp')
  
C:\Users\olaph\Programming\oda\vs-projects\raycaster\raycaster\Player.h(25,44): warning C4244: 'argument': conversion from 'double' to 'float', possible loss of data
  (compiling source file 'WorldMap.cpp')
  
C:\Users\olaph\Programming\oda\vs-projects\raycaster\raycaster\Player.h(29,12): warning C4244: '=': conversion from 'int' to 'float', possible loss of data
  (compiling source file 'WorldMap.cpp')
  
C:\Users\olaph\Programming\oda\vs-projects\raycaster\raycaster\Player.h(32,12): warning C4244: '=': conversion from 'int' to 'float', possible loss of data
  (compiling source file 'WorldMap.cpp')
  
  Generating Code...
  raycaster.vcxproj -> C:\Users\olaph\Programming\oda\vs-projects\raycaster\x64\Debug\raycaster.exe
